Using pre-set license

 COMMAND LINE ARGUMENTS:
/Applications/Unity/Hub/Editor/2020.3.11f1/Unity.app/Contents/MacOS/Unity
-adb2
-batchMode
-noUpm
-name
AssetImportWorker0
-projectPath
/Users/martinyankov/Documents/GitHub/MMP21/Game_MMP
-logFile
Logs/AssetImportWorker0.log
-srvPort
56216
Successfully changed project path to: /Users/martinyankov/Documents/GitHub/MMP21/Game_MMP
/Users/martinyankov/Documents/GitHub/MMP21/Game_MMP
Using Asset Import Pipeline V2.
Refreshing native plugins compatible for Editor in 51.88 ms, found 3 plugins.
Preloading 0 native plugins for Editor in 0.00 ms.
Initialize engine version: 2020.3.11f1 (99c7afb366b3)
[Subsystems] Discovering subsystems at path /Applications/Unity/Hub/Editor/2020.3.11f1/Unity.app/Contents/Resources/UnitySubsystems
[Subsystems] Discovering subsystems at path /Users/martinyankov/Documents/GitHub/MMP21/Game_MMP/Assets
GfxDevice: creating device client; threaded=0
2021-06-23 15:59:51.257 Unity[3495:229604] Color LCD preferred device: Intel(R) UHD Graphics 630 (low power)
2021-06-23 15:59:51.257 Unity[3495:229604] Metal devices available: 2
2021-06-23 15:59:51.257 Unity[3495:229604] 0: AMD Radeon Pro 555X (high power)
2021-06-23 15:59:51.257 Unity[3495:229604] 1: Intel(R) UHD Graphics 630 (low power)
2021-06-23 15:59:51.257 Unity[3495:229604] Using device AMD Radeon Pro 555X (high power)
Initializing Metal device caps: AMD Radeon Pro 555X
Initialize mono
Mono path[0] = '/Applications/Unity/Hub/Editor/2020.3.11f1/Unity.app/Contents/Managed'
Mono path[1] = '/Applications/Unity/Hub/Editor/2020.3.11f1/Unity.app/Contents/MonoBleedingEdge/lib/mono/unityjit'
Mono config path = '/Applications/Unity/Hub/Editor/2020.3.11f1/Unity.app/Contents/MonoBleedingEdge/etc'
Using monoOptions --debugger-agent=transport=dt_socket,embedding=1,server=y,suspend=n,address=127.0.0.1:56495
Begin MonoManager ReloadAssembly
Registering precompiled unity dll's ...
Register platform support module: /Applications/Unity/Hub/Editor/2020.3.11f1/PlaybackEngines/WebGLSupport/UnityEditor.WebGL.Extensions.dll
Register platform support module: /Applications/Unity/Hub/Editor/2020.3.11f1/Unity.app/Contents/PlaybackEngines/MacStandaloneSupport/UnityEditor.OSXStandalone.Extensions.dll
Registered in 0.000721 seconds.
Native extension for OSXStandalone target not found
Native extension for WebGL target not found
Refreshing native plugins compatible for Editor in 45.40 ms, found 3 plugins.
Preloading 0 native plugins for Editor in 0.00 ms.
Mono: successfully reloaded assembly
- Completed reload, in  1.437 seconds
Platform modules already initialized, skipping
Registering precompiled user dll's ...
Registered in 0.001846 seconds.
Begin MonoManager ReloadAssembly
Native extension for OSXStandalone target not found
Native extension for WebGL target not found
Refreshing native plugins compatible for Editor in 43.40 ms, found 3 plugins.
Preloading 0 native plugins for Editor in 0.00 ms.
Mono: successfully reloaded assembly
- Completed reload, in  1.202 seconds
Platform modules already initialized, skipping
========================================================================
Worker process is ready to serve import requests
Launching external process: /Applications/Unity/Hub/Editor/2020.3.11f1/Unity.app/Contents/Tools/UnityShaderCompiler
Launched and connected shader compiler UnityShaderCompiler after 0.01 seconds
Refreshing native plugins compatible for Editor in 0.53 ms, found 3 plugins.
Preloading 0 native plugins for Editor in 0.00 ms.
Unloading 2082 Unused Serialized files (Serialized files now loaded: 0)
System memory in use before: 168.8 MB.
System memory in use after: 168.8 MB.

Unloading 33 unused Assets to reduce memory usage. Loaded Objects now: 2515.
Total: 2.253491 ms (FindLiveObjects: 0.184199 ms CreateObjectMapping: 0.070024 ms MarkObjects: 1.881016 ms  DeleteObjects: 0.117355 ms)

========================================================================
Received Import Request.
  path: ProjectSettings/TagManager.asset
  artifactKey: Guid(00000000000000003000000000000000) Importer(815301076,1909f56bfc062723c751e8b465ee728b)
Start importing ProjectSettings/TagManager.asset using Guid(00000000000000003000000000000000) Importer(815301076,1909f56bfc062723c751e8b465ee728b)  -> (artifact id: '95df672b4aaba54310d34c83eef51bb8') in 1.137978 seconds
  Import took 1.141063 seconds .

========================================================================
Received Import Request.
  Time since last request: 73.634464 seconds.
  path: ProjectSettings/TagManager.asset
  artifactKey: Guid(00000000000000003000000000000000) Importer(815301076,1909f56bfc062723c751e8b465ee728b)
Start importing ProjectSettings/TagManager.asset using Guid(00000000000000003000000000000000) Importer(815301076,1909f56bfc062723c751e8b465ee728b)  -> (artifact id: '32782b4c1524bdf34b9ef076e3e4c8cb') in 0.004026 seconds
  Import took 0.007835 seconds .

========================================================================
Received Prepare
Registering precompiled user dll's ...
Registered in 0.002041 seconds.
Begin MonoManager ReloadAssembly
Native extension for OSXStandalone target not found
Native extension for WebGL target not found
Refreshing native plugins compatible for Editor in 0.51 ms, found 3 plugins.
Preloading 0 native plugins for Editor in 0.00 ms.
Mono: successfully reloaded assembly
- Completed reload, in  1.160 seconds
Platform modules already initialized, skipping
Refreshing native plugins compatible for Editor in 0.50 ms, found 3 plugins.
Preloading 0 native plugins for Editor in 0.00 ms.
Unloading 2077 Unused Serialized files (Serialized files now loaded: 0)
System memory in use before: 173.3 MB.
System memory in use after: 173.3 MB.

Unloading 23 unused Assets to reduce memory usage. Loaded Objects now: 2519.
Total: 2.353032 ms (FindLiveObjects: 0.182353 ms CreateObjectMapping: 0.078206 ms MarkObjects: 1.990389 ms  DeleteObjects: 0.101180 ms)

========================================================================
Received Import Request.
  Time since last request: 383.700662 seconds.
  path: Assets/PlayerMovement.cs
  artifactKey: Guid(9372432c8bfe74fcb9f1dfe9346a1f5a) Importer(815301076,1909f56bfc062723c751e8b465ee728b)
Start importing Assets/PlayerMovement.cs using Guid(9372432c8bfe74fcb9f1dfe9346a1f5a) Importer(815301076,1909f56bfc062723c751e8b465ee728b)  -> (artifact id: '7224752f6b7779d13fe2c93c9362a4c6') in 0.573402 seconds
  Import took 0.576522 seconds .

========================================================================
Received Prepare
Registering precompiled user dll's ...
Registered in 0.001645 seconds.
Begin MonoManager ReloadAssembly
Native extension for OSXStandalone target not found
Native extension for WebGL target not found
Refreshing native plugins compatible for Editor in 0.53 ms, found 3 plugins.
Preloading 0 native plugins for Editor in 0.00 ms.
Mono: successfully reloaded assembly
- Completed reload, in  1.154 seconds
Platform modules already initialized, skipping
Refreshing native plugins compatible for Editor in 0.50 ms, found 3 plugins.
Preloading 0 native plugins for Editor in 0.00 ms.
Unloading 2077 Unused Serialized files (Serialized files now loaded: 0)
System memory in use before: 177.8 MB.
System memory in use after: 177.8 MB.

Unloading 21 unused Assets to reduce memory usage. Loaded Objects now: 2523.
Total: 2.072219 ms (FindLiveObjects: 0.173819 ms CreateObjectMapping: 0.068800 ms MarkObjects: 1.739946 ms  DeleteObjects: 0.088852 ms)

========================================================================
Received Import Request.
  Time since last request: 169.514926 seconds.
  path: Assets/PlayerMovement.cs
  artifactKey: Guid(9372432c8bfe74fcb9f1dfe9346a1f5a) Importer(815301076,1909f56bfc062723c751e8b465ee728b)
Start importing Assets/PlayerMovement.cs using Guid(9372432c8bfe74fcb9f1dfe9346a1f5a) Importer(815301076,1909f56bfc062723c751e8b465ee728b)  -> (artifact id: 'b47f308aa42f3caed505b6e2af9fed97') in 0.004326 seconds
  Import took 0.007176 seconds .

========================================================================
Received Prepare
Registering precompiled user dll's ...
Registered in 0.001994 seconds.
Begin MonoManager ReloadAssembly
Native extension for OSXStandalone target not found
Native extension for WebGL target not found
Refreshing native plugins compatible for Editor in 0.55 ms, found 3 plugins.
Preloading 0 native plugins for Editor in 0.00 ms.
Mono: successfully reloaded assembly
- Completed reload, in  1.189 seconds
Platform modules already initialized, skipping
Refreshing native plugins compatible for Editor in 0.54 ms, found 3 plugins.
Preloading 0 native plugins for Editor in 0.00 ms.
Unloading 2077 Unused Serialized files (Serialized files now loaded: 0)
System memory in use before: 178.1 MB.
System memory in use after: 178.0 MB.

Unloading 21 unused Assets to reduce memory usage. Loaded Objects now: 2527.
Total: 2.490309 ms (FindLiveObjects: 0.206076 ms CreateObjectMapping: 0.080547 ms MarkObjects: 2.095070 ms  DeleteObjects: 0.107403 ms)

========================================================================
Received Prepare
Registering precompiled user dll's ...
Registered in 0.003199 seconds.
Begin MonoManager ReloadAssembly
Native extension for OSXStandalone target not found
Native extension for WebGL target not found
Refreshing native plugins compatible for Editor in 0.50 ms, found 3 plugins.
Preloading 0 native plugins for Editor in 0.00 ms.
Mono: successfully reloaded assembly
- Completed reload, in  1.207 seconds
Platform modules already initialized, skipping
Refreshing native plugins compatible for Editor in 0.53 ms, found 3 plugins.
Preloading 0 native plugins for Editor in 0.00 ms.
Unloading 2077 Unused Serialized files (Serialized files now loaded: 0)
System memory in use before: 178.3 MB.
System memory in use after: 178.3 MB.

Unloading 21 unused Assets to reduce memory usage. Loaded Objects now: 2531.
Total: 2.135800 ms (FindLiveObjects: 0.177807 ms CreateObjectMapping: 0.068919 ms MarkObjects: 1.789913 ms  DeleteObjects: 0.098246 ms)

========================================================================
Received Prepare
Registering precompiled user dll's ...
Registered in 0.002040 seconds.
Begin MonoManager ReloadAssembly
Native extension for OSXStandalone target not found
Native extension for WebGL target not found
Refreshing native plugins compatible for Editor in 0.51 ms, found 3 plugins.
Preloading 0 native plugins for Editor in 0.00 ms.
Mono: successfully reloaded assembly
- Completed reload, in  1.116 seconds
Platform modules already initialized, skipping
Refreshing native plugins compatible for Editor in 0.50 ms, found 3 plugins.
Preloading 0 native plugins for Editor in 0.00 ms.
Unloading 2077 Unused Serialized files (Serialized files now loaded: 0)
System memory in use before: 178.5 MB.
System memory in use after: 178.5 MB.

Unloading 21 unused Assets to reduce memory usage. Loaded Objects now: 2535.
Total: 2.091308 ms (FindLiveObjects: 0.182748 ms CreateObjectMapping: 0.072494 ms MarkObjects: 1.740138 ms  DeleteObjects: 0.095158 ms)

========================================================================
Received Prepare
Registering precompiled user dll's ...
Registered in 0.001983 seconds.
Begin MonoManager ReloadAssembly
Native extension for OSXStandalone target not found
Native extension for WebGL target not found
Refreshing native plugins compatible for Editor in 0.51 ms, found 3 plugins.
Preloading 0 native plugins for Editor in 0.00 ms.
Mono: successfully reloaded assembly
- Completed reload, in  1.147 seconds
Platform modules already initialized, skipping
Refreshing native plugins compatible for Editor in 0.54 ms, found 3 plugins.
Preloading 0 native plugins for Editor in 0.00 ms.
Unloading 2077 Unused Serialized files (Serialized files now loaded: 0)
System memory in use before: 178.7 MB.
System memory in use after: 178.7 MB.

Unloading 21 unused Assets to reduce memory usage. Loaded Objects now: 2539.
Total: 2.450325 ms (FindLiveObjects: 0.196853 ms CreateObjectMapping: 0.089827 ms MarkObjects: 2.056564 ms  DeleteObjects: 0.106202 ms)

========================================================================
Received Prepare
Registering precompiled user dll's ...
Registered in 0.002008 seconds.
Begin MonoManager ReloadAssembly
Native extension for OSXStandalone target not found
Native extension for WebGL target not found
Refreshing native plugins compatible for Editor in 0.55 ms, found 3 plugins.
Preloading 0 native plugins for Editor in 0.00 ms.
Mono: successfully reloaded assembly
- Completed reload, in  1.183 seconds
Platform modules already initialized, skipping
Refreshing native plugins compatible for Editor in 0.56 ms, found 3 plugins.
Preloading 0 native plugins for Editor in 0.00 ms.
Unloading 2077 Unused Serialized files (Serialized files now loaded: 0)
System memory in use before: 178.9 MB.
System memory in use after: 178.9 MB.

Unloading 21 unused Assets to reduce memory usage. Loaded Objects now: 2543.
Total: 2.250587 ms (FindLiveObjects: 0.202306 ms CreateObjectMapping: 0.067906 ms MarkObjects: 1.877091 ms  DeleteObjects: 0.102464 ms)

========================================================================
Received Import Request.
  Time since last request: 2038.553773 seconds.
  path: Assets/BayatGames
  artifactKey: Guid(b2f34a903a2d74c4e9b7c8e83e3a7d0b) Importer(815301076,1909f56bfc062723c751e8b465ee728b)
Start importing Assets/BayatGames using Guid(b2f34a903a2d74c4e9b7c8e83e3a7d0b) Importer(815301076,1909f56bfc062723c751e8b465ee728b)  -> (artifact id: 'ba017599866d11363fda0275ef8cd3c6') in 0.004676 seconds
  Import took 0.008563 seconds .

========================================================================
Received Import Request.
  Time since last request: 0.000547 seconds.
  path: Assets/BayatGames
  artifactKey: Guid(b2f34a903a2d74c4e9b7c8e83e3a7d0b) Importer(815301076,1909f56bfc062723c751e8b465ee728b)
Start importing Assets/BayatGames using Guid(b2f34a903a2d74c4e9b7c8e83e3a7d0b) Importer(815301076,1909f56bfc062723c751e8b465ee728b)  -> (artifact id: 'ba017599866d11363fda0275ef8cd3c6') in 0.001041 seconds
  Import took 0.004969 seconds .

========================================================================
Received Import Request.
  Time since last request: 0.847442 seconds.
  path: Assets/BayatGames/Free Platform Game Assets
  artifactKey: Guid(fca484a638c989e4d899378f52d7c168) Importer(815301076,1909f56bfc062723c751e8b465ee728b)
Start importing Assets/BayatGames/Free Platform Game Assets using Guid(fca484a638c989e4d899378f52d7c168) Importer(815301076,1909f56bfc062723c751e8b465ee728b)  -> (artifact id: '0120225e48bde8cac3b770120d18dc87') in 0.001254 seconds
  Import took 0.004914 seconds .

========================================================================
Received Import Request.
  Time since last request: 4.538563 seconds.
  path: Assets/Scenes
  artifactKey: Guid(574d27a62f0054de095eda01af98382b) Importer(815301076,1909f56bfc062723c751e8b465ee728b)
Start importing Assets/Scenes using Guid(574d27a62f0054de095eda01af98382b) Importer(815301076,1909f56bfc062723c751e8b465ee728b)  -> (artifact id: '7af155ccbd8931708602d34b7d32d22e') in 0.001359 seconds
  Import took 0.005237 seconds .

========================================================================
Received Import Request.
  Time since last request: 36.007606 seconds.
  path: Assets/MMP
  artifactKey: Guid(b9227cbcb1d80482c96e5774f11ec9c3) Importer(815301076,1909f56bfc062723c751e8b465ee728b)
Start importing Assets/MMP using Guid(b9227cbcb1d80482c96e5774f11ec9c3) Importer(815301076,1909f56bfc062723c751e8b465ee728b)  -> (artifact id: '38716ea07221622fa921ff766cc56f64') in 0.001806 seconds
  Import took 0.005989 seconds .

========================================================================
Received Import Request.
  Time since last request: 0.000476 seconds.
  path: Assets/MMP
  artifactKey: Guid(b9227cbcb1d80482c96e5774f11ec9c3) Importer(815301076,1909f56bfc062723c751e8b465ee728b)
Start importing Assets/MMP using Guid(b9227cbcb1d80482c96e5774f11ec9c3) Importer(815301076,1909f56bfc062723c751e8b465ee728b)  -> (artifact id: '38716ea07221622fa921ff766cc56f64') in 0.002016 seconds
  Import took 0.006258 seconds .

========================================================================
Received Import Request.
  Time since last request: 5.678526 seconds.
  path: Assets/MMP/path3923.png
  artifactKey: Guid(d3f673971d9fd4304bc97670dd1187bf) Importer(815301076,1909f56bfc062723c751e8b465ee728b)
Start importing Assets/MMP/path3923.png using Guid(d3f673971d9fd4304bc97670dd1187bf) Importer(815301076,1909f56bfc062723c751e8b465ee728b)  -> (artifact id: '65c6dc7186e3813e305507b5e55bf317') in 1.153066 seconds
  Import took 1.157215 seconds .

========================================================================
Received Import Request.
  Time since last request: 2.070294 seconds.
  path: Assets/MMP/student.png
  artifactKey: Guid(864284cfb042a48b481384e1df85f688) Importer(815301076,1909f56bfc062723c751e8b465ee728b)
Start importing Assets/MMP/student.png using Guid(864284cfb042a48b481384e1df85f688) Importer(815301076,1909f56bfc062723c751e8b465ee728b)  -> (artifact id: 'c3cba38c506eed29e68c745d295879aa') in 0.014825 seconds
  Import took 0.018349 seconds .

========================================================================
Received Prepare
Registering precompiled user dll's ...
Registered in 0.002127 seconds.
Begin MonoManager ReloadAssembly
Native extension for OSXStandalone target not found
Native extension for WebGL target not found
Refreshing native plugins compatible for Editor in 0.50 ms, found 3 plugins.
Preloading 0 native plugins for Editor in 0.00 ms.
Mono: successfully reloaded assembly
- Completed reload, in  1.086 seconds
Platform modules already initialized, skipping
Refreshing native plugins compatible for Editor in 0.49 ms, found 3 plugins.
Preloading 0 native plugins for Editor in 0.00 ms.
Unloading 2077 Unused Serialized files (Serialized files now loaded: 0)
System memory in use before: 186.6 MB.
System memory in use after: 186.6 MB.

Unloading 21 unused Assets to reduce memory usage. Loaded Objects now: 2555.
Total: 2.132730 ms (FindLiveObjects: 0.185201 ms CreateObjectMapping: 0.078557 ms MarkObjects: 1.774141 ms  DeleteObjects: 0.094023 ms)

