Using pre-set license

 COMMAND LINE ARGUMENTS:
/Applications/Unity/Hub/Editor/2020.3.11f1/Unity.app/Contents/MacOS/Unity
-adb2
-batchMode
-noUpm
-name
AssetImportWorker0
-projectPath
/Users/martinyankov/Documents/GitHub/MMP21/Game_MMP
-logFile
Logs/AssetImportWorker0.log
-srvPort
56566
Successfully changed project path to: /Users/martinyankov/Documents/GitHub/MMP21/Game_MMP
/Users/martinyankov/Documents/GitHub/MMP21/Game_MMP
Using Asset Import Pipeline V2.
Refreshing native plugins compatible for Editor in 53.42 ms, found 3 plugins.
Preloading 0 native plugins for Editor in 0.00 ms.
Initialize engine version: 2020.3.11f1 (99c7afb366b3)
[Subsystems] Discovering subsystems at path /Applications/Unity/Hub/Editor/2020.3.11f1/Unity.app/Contents/Resources/UnitySubsystems
[Subsystems] Discovering subsystems at path /Users/martinyankov/Documents/GitHub/MMP21/Game_MMP/Assets
GfxDevice: creating device client; threaded=0
2021-06-23 16:50:31.933 Unity[4239:256802] Color LCD preferred device: Intel(R) UHD Graphics 630 (low power)
2021-06-23 16:50:31.933 Unity[4239:256802] Metal devices available: 2
2021-06-23 16:50:31.933 Unity[4239:256802] 0: AMD Radeon Pro 555X (high power)
2021-06-23 16:50:31.933 Unity[4239:256802] 1: Intel(R) UHD Graphics 630 (low power)
2021-06-23 16:50:31.933 Unity[4239:256802] Using device AMD Radeon Pro 555X (high power)
Initializing Metal device caps: AMD Radeon Pro 555X
Initialize mono
Mono path[0] = '/Applications/Unity/Hub/Editor/2020.3.11f1/Unity.app/Contents/Managed'
Mono path[1] = '/Applications/Unity/Hub/Editor/2020.3.11f1/Unity.app/Contents/MonoBleedingEdge/lib/mono/unityjit'
Mono config path = '/Applications/Unity/Hub/Editor/2020.3.11f1/Unity.app/Contents/MonoBleedingEdge/etc'
Using monoOptions --debugger-agent=transport=dt_socket,embedding=1,server=y,suspend=n,address=127.0.0.1:56239
Begin MonoManager ReloadAssembly
Registering precompiled unity dll's ...
Register platform support module: /Applications/Unity/Hub/Editor/2020.3.11f1/PlaybackEngines/WebGLSupport/UnityEditor.WebGL.Extensions.dll
Register platform support module: /Applications/Unity/Hub/Editor/2020.3.11f1/Unity.app/Contents/PlaybackEngines/MacStandaloneSupport/UnityEditor.OSXStandalone.Extensions.dll
Registered in 0.000740 seconds.
Native extension for OSXStandalone target not found
Native extension for WebGL target not found
Refreshing native plugins compatible for Editor in 48.41 ms, found 3 plugins.
Preloading 0 native plugins for Editor in 0.00 ms.
Mono: successfully reloaded assembly
- Completed reload, in  1.506 seconds
Platform modules already initialized, skipping
Registering precompiled user dll's ...
Registered in 0.002156 seconds.
Begin MonoManager ReloadAssembly
Native extension for OSXStandalone target not found
Native extension for WebGL target not found
Refreshing native plugins compatible for Editor in 43.13 ms, found 3 plugins.
Preloading 0 native plugins for Editor in 0.00 ms.
Mono: successfully reloaded assembly
- Completed reload, in  1.352 seconds
Platform modules already initialized, skipping
========================================================================
Worker process is ready to serve import requests
Launching external process: /Applications/Unity/Hub/Editor/2020.3.11f1/Unity.app/Contents/Tools/UnityShaderCompiler
Launched and connected shader compiler UnityShaderCompiler after 0.01 seconds
Refreshing native plugins compatible for Editor in 0.55 ms, found 3 plugins.
Preloading 0 native plugins for Editor in 0.00 ms.
Unloading 2082 Unused Serialized files (Serialized files now loaded: 0)
System memory in use before: 168.9 MB.
System memory in use after: 168.8 MB.

Unloading 33 unused Assets to reduce memory usage. Loaded Objects now: 2515.
Total: 2.240980 ms (FindLiveObjects: 0.200593 ms CreateObjectMapping: 0.076099 ms MarkObjects: 1.841286 ms  DeleteObjects: 0.122080 ms)

========================================================================
Received Import Request.
  path: Assets/MMP/professor.png
  artifactKey: Guid(b9de553708be443b6b1489ea70f9439d) Importer(815301076,1909f56bfc062723c751e8b465ee728b)
Start importing Assets/MMP/professor.png using Guid(b9de553708be443b6b1489ea70f9439d) Importer(815301076,1909f56bfc062723c751e8b465ee728b)  -> (artifact id: 'f255fe868a58ed9160f1178ce3dd6792') in 0.852208 seconds
  Import took 0.855564 seconds .

========================================================================
Received Import Request.
  Time since last request: 0.000225 seconds.
  path: Assets/MMP/brunnen.png
  artifactKey: Guid(ce82666743d5a487496ba9b9a9de60ba) Importer(815301076,1909f56bfc062723c751e8b465ee728b)
Start importing Assets/MMP/brunnen.png using Guid(ce82666743d5a487496ba9b9a9de60ba) Importer(815301076,1909f56bfc062723c751e8b465ee728b)  -> (artifact id: 'ce0f086d993bf6be91b53b1ad35b482b') in 0.009119 seconds
  Import took 0.012709 seconds .

========================================================================
Received Prepare
Registering precompiled user dll's ...
Registered in 0.002063 seconds.
Begin MonoManager ReloadAssembly
Native extension for OSXStandalone target not found
Native extension for WebGL target not found
Refreshing native plugins compatible for Editor in 0.51 ms, found 3 plugins.
Preloading 0 native plugins for Editor in 0.00 ms.
Mono: successfully reloaded assembly
- Completed reload, in  1.107 seconds
Platform modules already initialized, skipping
Refreshing native plugins compatible for Editor in 0.53 ms, found 3 plugins.
Preloading 0 native plugins for Editor in 0.00 ms.
Unloading 2077 Unused Serialized files (Serialized files now loaded: 0)
System memory in use before: 176.6 MB.
System memory in use after: 176.6 MB.

Unloading 21 unused Assets to reduce memory usage. Loaded Objects now: 2527.
Total: 2.175173 ms (FindLiveObjects: 0.200233 ms CreateObjectMapping: 0.095150 ms MarkObjects: 1.782686 ms  DeleteObjects: 0.096136 ms)

